[INFO] Scanning for projects...
[INFO] 
[INFO] ---------------------< com.example:projectBackend >---------------------
[INFO] Building  0.0.1-SNAPSHOT
[INFO]   from pom.xml
[INFO] --------------------------------[ jar ]---------------------------------
[INFO] 
[INFO] >>> spring-boot:4.0.5:run (default-cli) > test-compile @ projectBackend >>>
[INFO] 
[INFO] --- resources:3.3.1:resources (default-resources) @ projectBackend ---
[INFO] Copying 1 resource from src\main\resources to target\classes
[INFO] Copying 0 resource from src\main\resources to target\classes
[INFO] 
[INFO] --- compiler:3.14.1:compile (default-compile) @ projectBackend ---
[INFO] Nothing to compile - all classes are up to date.
[INFO] 
[INFO] --- resources:3.3.1:testResources (default-testResources) @ projectBackend ---
[INFO] skip non existing resourceDirectory C:\Users\patha\OneDrive\Desktop\intership\Project15\projectBackend15\src\test\resources
[INFO] 
[INFO] --- compiler:3.14.1:testCompile (default-testCompile) @ projectBackend ---
[INFO] Nothing to compile - all classes are up to date.
[INFO] 
[INFO] <<< spring-boot:4.0.5:run (default-cli) < test-compile @ projectBackend <<<
[INFO] 
[INFO] 
[INFO] --- spring-boot:4.0.5:run (default-cli) @ projectBackend ---
[INFO] Attaching agents: []

  .   ____          _            __ _ _
 /\\ / ___'_ __ _ _(_)_ __  __ _ \ \ \ \
( ( )\___ | '_ | '_| | '_ \/ _` | \ \ \ \
 \\/  ___)| |_)| | | | | || (_| |  ) ) ) )
  '  |____| .__|_| |_|_| |_\__, | / / / /
 =========|_|==============|___/=/_/_/_/

 :: Spring Boot ::                (v4.0.5)

2026-05-16T20:54:50.374+05:30  INFO 24284 --- [projectBackend] [  restartedMain] c.e.p.ProjectBackendApplication          : Starting ProjectBackendApplication using Java 21 with PID 24284 (C:\Users\patha\OneDrive\Desktop\intership\Project15\projectBackend15\target\classes started by patha in C:\Users\patha\OneDrive\Desktop\intership\Project15\projectBackend15)
2026-05-16T20:54:50.376+05:30  INFO 24284 --- [projectBackend] [  restartedMain] c.e.p.ProjectBackendApplication          : No active profile set, falling back to 1 default profile: "default"
2026-05-16T20:54:50.411+05:30  INFO 24284 --- [projectBackend] [  restartedMain] .e.DevToolsPropertyDefaultsPostProcessor : Devtools property defaults active! Set 'spring.devtools.add-properties' to 'false' to disable
2026-05-16T20:54:50.411+05:30  INFO 24284 --- [projectBackend] [  restartedMain] .e.DevToolsPropertyDefaultsPostProcessor : For additional web related logging consider setting the 'logging.level.web' property to 'DEBUG'
2026-05-16T20:54:50.865+05:30  INFO 24284 --- [projectBackend] [  restartedMain] .s.d.r.c.RepositoryConfigurationDelegate : Bootstrapping Spring Data JPA repositories in DEFAULT mode.
2026-05-16T20:54:50.924+05:30  INFO 24284 --- [projectBackend] [  restartedMain] .s.d.r.c.RepositoryConfigurationDelegate : Finished Spring Data repository scanning in 52 ms. Found 13 JPA repository interfaces.
2026-05-16T20:54:51.330+05:30  INFO 24284 --- [projectBackend] [  restartedMain] o.s.boot.tomcat.TomcatWebServer          : Tomcat initialized with port 8080 (http)
2026-05-16T20:54:51.342+05:30  INFO 24284 --- [projectBackend] [  restartedMain] o.apache.catalina.core.StandardService   : Starting service [Tomcat]
2026-05-16T20:54:51.342+05:30  INFO 24284 --- [projectBackend] [  restartedMain] o.apache.catalina.core.StandardEngine    : Starting Servlet engine: [Apache Tomcat/11.0.20]
2026-05-16T20:54:51.370+05:30  INFO 24284 --- [projectBackend] [  restartedMain] b.w.c.s.WebApplicationContextInitializer : Root WebApplicationContext: initialization completed in 958 ms
2026-05-16T20:54:51.482+05:30  INFO 24284 --- [projectBackend] [  restartedMain] org.hibernate.orm.jpa                    : HHH008540: Processing PersistenceUnitInfo [name: default]
2026-05-16T20:54:51.515+05:30  INFO 24284 --- [projectBackend] [  restartedMain] org.hibernate.orm.core                   : HHH000001: Hibernate ORM core version 7.2.7.Final
2026-05-16T20:54:51.820+05:30  INFO 24284 --- [projectBackend] [  restartedMain] o.s.o.j.p.SpringPersistenceUnitInfo      : No LoadTimeWeaver setup: ignoring JPA class transformer
2026-05-16T20:54:51.843+05:30  INFO 24284 --- [projectBackend] [  restartedMain] com.zaxxer.hikari.HikariDataSource       : HikariPool-1 - Starting...
2026-05-16T20:54:52.072+05:30  INFO 24284 --- [projectBackend] [  restartedMain] com.zaxxer.hikari.pool.HikariPool        : HikariPool-1 - Added connection com.mysql.cj.jdbc.ConnectionImpl@2389312f
2026-05-16T20:54:52.073+05:30  INFO 24284 --- [projectBackend] [  restartedMain] com.zaxxer.hikari.HikariDataSource       : HikariPool-1 - Start completed.
2026-05-16T20:54:52.108+05:30  WARN 24284 --- [projectBackend] [  restartedMain] org.hibernate.orm.deprecation            : HHH90000025: MySQLDialect does not need to be specified explicitly using 'hibernate.dialect' (remove the property setting and it will be selected by default)
2026-05-16T20:54:52.122+05:30  INFO 24284 --- [projectBackend] [  restartedMain] org.hibernate.orm.connections.pooling    : HHH10001005: Database info:
	Database JDBC URL [jdbc:mysql://localhost:3306/Backend_db]
	Database driver: MySQL Connector/J
	Database dialect: MySQLDialect
	Database version: 8.0.45
	Default catalog/schema: Backend_db/undefined
	Autocommit mode: undefined/unknown
	Isolation level: REPEATABLE_READ [default REPEATABLE_READ]
	JDBC fetch size: none
	Pool: DataSourceConnectionProvider
	Minimum pool size: undefined/unknown
	Maximum pool size: undefined/unknown
2026-05-16T20:54:52.658+05:30  INFO 24284 --- [projectBackend] [  restartedMain] org.hibernate.orm.core                   : HHH000182: No default (no-argument) constructor for class [com.example.projectBackend.Entity.Feedback] (class must be instantiated by Interceptor)
2026-05-16T20:54:52.835+05:30  INFO 24284 --- [projectBackend] [  restartedMain] org.hibernate.orm.core                   : HHH000489: No JTA platform available (set 'hibernate.transaction.jta.platform' to enable JTA platform integration)
2026-05-16T20:54:52.889+05:30  INFO 24284 --- [projectBackend] [  restartedMain] j.LocalContainerEntityManagerFactoryBean : Initialized JPA EntityManagerFactory for persistence unit 'default'
2026-05-16T20:54:52.945+05:30  INFO 24284 --- [projectBackend] [  restartedMain] o.s.d.j.r.query.QueryEnhancerFactories   : Hibernate is in classpath; If applicable, HQL parser will be used.
2026-05-16T20:54:53.720+05:30  WARN 24284 --- [projectBackend] [  restartedMain] JpaBaseConfiguration$JpaWebConfiguration : spring.jpa.open-in-view is enabled by default. Therefore, database queries may be performed during view rendering. Explicitly configure spring.jpa.open-in-view to disable this warning
2026-05-16T20:54:53.967+05:30  INFO 24284 --- [projectBackend] [  restartedMain] o.s.boot.tomcat.TomcatWebServer          : Tomcat started on port 8080 (http) with context path '/'
2026-05-16T20:54:53.970+05:30  INFO 24284 --- [projectBackend] [  restartedMain] c.e.p.ProjectBackendApplication          : Started ProjectBackendApplication in 3.886 seconds (process running for 4.216)
2026-05-16T20:55:13.371+05:30  INFO 24284 --- [projectBackend] [nio-8080-exec-1] o.a.c.c.C.[Tomcat].[localhost].[/]       : Initializing Spring DispatcherServlet 'dispatcherServlet'
2026-05-16T20:55:13.371+05:30  INFO 24284 --- [projectBackend] [nio-8080-exec-1] o.s.web.servlet.DispatcherServlet        : Initializing Servlet 'dispatcherServlet'
2026-05-16T20:55:13.372+05:30  INFO 24284 --- [projectBackend] [nio-8080-exec-1] o.s.web.servlet.DispatcherServlet        : Completed initialization in 1 ms
Hibernate: select p1_0.id,p1_0.available,p1_0.category_id,p1_0.created_at,p1_0.farmer_id,p1_0.price,p1_0.product_name,p1_0.stock from product p1_0
Hibernate: select c1_0.id,c1_0.imageurl,c1_0.name from categories c1_0 where c1_0.id=?
Hibernate: select f1_0.id,f1_0.address,f1_0.contact,f1_0.created_at,f1_0.email,f1_0.name,f1_0.password from farmer f1_0 where f1_0.id=?
Hibernate: select i1_0.product_id,i1_0.id,i1_0.image_url,i1_0.is_primary from product_image i1_0 where i1_0.product_id=?
Hibernate: select s1_0.product_id,s1_0.id,s1_0.name,s1_0.value from product_specification s1_0 where s1_0.product_id=?
Hibernate: select c1_0.id,c1_0.imageurl,c1_0.name from categories c1_0 where c1_0.id=?
Hibernate: select i1_0.product_id,i1_0.id,i1_0.image_url,i1_0.is_primary from product_image i1_0 where i1_0.product_id=?
Hibernate: select s1_0.product_id,s1_0.id,s1_0.name,s1_0.value from product_specification s1_0 where s1_0.product_id=?
Hibernate: select c1_0.id,c1_0.imageurl,c1_0.name from categories c1_0 where c1_0.id=?
Hibernate: select i1_0.product_id,i1_0.id,i1_0.image_url,i1_0.is_primary from product_image i1_0 where i1_0.product_id=?
Hibernate: select s1_0.product_id,s1_0.id,s1_0.name,s1_0.value from product_specification s1_0 where s1_0.product_id=?
Hibernate: select c1_0.id,c1_0.imageurl,c1_0.name from categories c1_0 where c1_0.id=?
Hibernate: select f1_0.id,f1_0.address,f1_0.contact,f1_0.created_at,f1_0.email,f1_0.name,f1_0.password from farmer f1_0 where f1_0.id=?
Hibernate: select i1_0.product_id,i1_0.id,i1_0.image_url,i1_0.is_primary from product_image i1_0 where i1_0.product_id=?
Hibernate: select s1_0.product_id,s1_0.id,s1_0.name,s1_0.value from product_specification s1_0 where s1_0.product_id=?
Hibernate: select c1_0.id,c1_0.imageurl,c1_0.name from categories c1_0 where c1_0.id=?
Hibernate: select i1_0.product_id,i1_0.id,i1_0.image_url,i1_0.is_primary from product_image i1_0 where i1_0.product_id=?
Hibernate: select s1_0.product_id,s1_0.id,s1_0.name,s1_0.value from product_specification s1_0 where s1_0.product_id=?
Hibernate: select i1_0.product_id,i1_0.id,i1_0.image_url,i1_0.is_primary from product_image i1_0 where i1_0.product_id=?
Hibernate: select s1_0.product_id,s1_0.id,s1_0.name,s1_0.value from product_specification s1_0 where s1_0.product_id=?
Hibernate: select i1_0.product_id,i1_0.id,i1_0.image_url,i1_0.is_primary from product_image i1_0 where i1_0.product_id=?
Hibernate: select s1_0.product_id,s1_0.id,s1_0.name,s1_0.value from product_specification s1_0 where s1_0.product_id=?
2026-05-16T20:55:43.693+05:30  INFO 24284 --- [projectBackend] [   File Watcher] rtingClassPathChangeChangedEventListener : Restarting due to 68 class path changes (0 additions, 67 deletions, 1 modification)
2026-05-16T20:55:43.699+05:30  INFO 24284 --- [projectBackend] [       Thread-1] o.s.boot.tomcat.GracefulShutdown         : Commencing graceful shutdown. Waiting for active requests to complete
2026-05-16T20:55:43.707+05:30  INFO 24284 --- [projectBackend] [tomcat-shutdown] o.s.boot.tomcat.GracefulShutdown         : Graceful shutdown complete
2026-05-16T20:55:43.710+05:30  INFO 24284 --- [projectBackend] [       Thread-1] j.LocalContainerEntityManagerFactoryBean : Closing JPA EntityManagerFactory for persistence unit 'default'
2026-05-16T20:55:43.714+05:30  INFO 24284 --- [projectBackend] [       Thread-1] com.zaxxer.hikari.HikariDataSource       : HikariPool-1 - Shutdown initiated...
2026-05-16T20:55:43.722+05:30  INFO 24284 --- [projectBackend] [       Thread-1] com.zaxxer.hikari.HikariDataSource       : HikariPool-1 - Shutdown completed.

  .   ____          _            __ _ _
 /\\ / ___'_ __ _ _(_)_ __  __ _ \ \ \ \
( ( )\___ | '_ | '_| | '_ \/ _` | \ \ \ \
 \\/  ___)| |_)| | | | | || (_| |  ) ) ) )
  '  |____| .__|_| |_|_| |_\__, | / / / /
 =========|_|==============|___/=/_/_/_/

 :: Spring Boot ::                (v4.0.5)

2026-05-16T20:55:43.824+05:30  INFO 24284 --- [projectBackend] [  restartedMain] c.e.p.ProjectBackendApplication          : Starting ProjectBackendApplication using Java 21 with PID 24284 (C:\Users\patha\OneDrive\Desktop\intership\Project15\projectBackend15\target\classes started by patha in C:\Users\patha\OneDrive\Desktop\intership\Project15\projectBackend15)
2026-05-16T20:55:43.825+05:30  INFO 24284 --- [projectBackend] [  restartedMain] c.e.p.ProjectBackendApplication          : No active profile set, falling back to 1 default profile: "default"
2026-05-16T20:55:44.027+05:30  INFO 24284 --- [projectBackend] [  restartedMain] .s.d.r.c.RepositoryConfigurationDelegate : Bootstrapping Spring Data JPA repositories in DEFAULT mode.
2026-05-16T20:55:44.059+05:30  INFO 24284 --- [projectBackend] [  restartedMain] .s.d.r.c.RepositoryConfigurationDelegate : Finished Spring Data repository scanning in 30 ms. Found 5 JPA repository interfaces.
2026-05-16T20:55:44.181+05:30  INFO 24284 --- [projectBackend] [  restartedMain] o.s.boot.tomcat.TomcatWebServer          : Tomcat initialized with port 8080 (http)
2026-05-16T20:55:44.182+05:30  INFO 24284 --- [projectBackend] [  restartedMain] o.apache.catalina.core.StandardService   : Starting service [Tomcat]
2026-05-16T20:55:44.183+05:30  INFO 24284 --- [projectBackend] [  restartedMain] o.apache.catalina.core.StandardEngine    : Starting Servlet engine: [Apache Tomcat/11.0.20]
2026-05-16T20:55:44.211+05:30  INFO 24284 --- [projectBackend] [  restartedMain] b.w.c.s.WebApplicationContextInitializer : Root WebApplicationContext: initialization completed in 383 ms
2026-05-16T20:55:44.293+05:30  INFO 24284 --- [projectBackend] [  restartedMain] org.hibernate.orm.jpa                    : HHH008540: Processing PersistenceUnitInfo [name: default]
2026-05-16T20:55:44.336+05:30  INFO 24284 --- [projectBackend] [  restartedMain] o.s.o.j.p.SpringPersistenceUnitInfo      : No LoadTimeWeaver setup: ignoring JPA class transformer
2026-05-16T20:55:44.337+05:30  INFO 24284 --- [projectBackend] [  restartedMain] com.zaxxer.hikari.HikariDataSource       : HikariPool-2 - Starting...
2026-05-16T20:55:44.350+05:30  INFO 24284 --- [projectBackend] [  restartedMain] com.zaxxer.hikari.pool.HikariPool        : HikariPool-2 - Added connection com.mysql.cj.jdbc.ConnectionImpl@5a235321
2026-05-16T20:55:44.351+05:30  INFO 24284 --- [projectBackend] [  restartedMain] com.zaxxer.hikari.HikariDataSource       : HikariPool-2 - Start completed.
2026-05-16T20:55:44.352+05:30  WARN 24284 --- [projectBackend] [  restartedMain] org.hibernate.orm.deprecation            : HHH90000025: MySQLDialect does not need to be specified explicitly using 'hibernate.dialect' (remove the property setting and it will be selected by default)
2026-05-16T20:55:44.353+05:30  INFO 24284 --- [projectBackend] [  restartedMain] org.hibernate.orm.connections.pooling    : HHH10001005: Database info:
	Database JDBC URL [jdbc:mysql://localhost:3306/Backend_db]
	Database driver: MySQL Connector/J
	Database dialect: MySQLDialect
	Database version: 8.0.45
	Default catalog/schema: Backend_db/undefined
	Autocommit mode: undefined/unknown
	Isolation level: REPEATABLE_READ [default REPEATABLE_READ]
	JDBC fetch size: none
	Pool: DataSourceConnectionProvider
	Minimum pool size: undefined/unknown
	Maximum pool size: undefined/unknown
2026-05-16T20:55:44.546+05:30  INFO 24284 --- [projectBackend] [  restartedMain] org.hibernate.orm.core                   : HHH000182: No default (no-argument) constructor for class [com.example.projectBackend.Entity.Feedback] (class must be instantiated by Interceptor)
2026-05-16T20:55:44.591+05:30  INFO 24284 --- [projectBackend] [  restartedMain] org.hibernate.orm.core                   : HHH000489: No JTA platform available (set 'hibernate.transaction.jta.platform' to enable JTA platform integration)
2026-05-16T20:55:44.620+05:30  INFO 24284 --- [projectBackend] [  restartedMain] j.LocalContainerEntityManagerFactoryBean : Initialized JPA EntityManagerFactory for persistence unit 'default'
2026-05-16T20:55:44.672+05:30  WARN 24284 --- [projectBackend] [  restartedMain] JpaBaseConfiguration$JpaWebConfiguration : spring.jpa.open-in-view is enabled by default. Therefore, database queries may be performed during view rendering. Explicitly configure spring.jpa.open-in-view to disable this warning
2026-05-16T20:55:44.973+05:30  INFO 24284 --- [projectBackend] [  restartedMain] o.s.boot.tomcat.TomcatWebServer          : Tomcat started on port 8080 (http) with context path '/'
2026-05-16T20:55:44.975+05:30  INFO 24284 --- [projectBackend] [  restartedMain] c.e.p.ProjectBackendApplication          : Started ProjectBackendApplication in 1.185 seconds (process running for 55.219)
2026-05-16T20:55:44.978+05:30  INFO 24284 --- [projectBackend] [  restartedMain] .ConditionEvaluationDeltaLoggingListener : Condition evaluation unchanged
2026-05-16T20:55:46.417+05:30  INFO 24284 --- [projectBackend] [   File Watcher] rtingClassPathChangeChangedEventListener : Restarting due to 67 class path changes (67 additions, 0 deletions, 0 modifications)
2026-05-16T20:55:46.418+05:30  INFO 24284 --- [projectBackend] [       Thread-5] o.s.boot.tomcat.GracefulShutdown         : Commencing graceful shutdown. Waiting for active requests to complete
2026-05-16T20:55:46.426+05:30  INFO 24284 --- [projectBackend] [tomcat-shutdown] o.s.boot.tomcat.GracefulShutdown         : Graceful shutdown complete
2026-05-16T20:55:46.427+05:30  INFO 24284 --- [projectBackend] [       Thread-5] j.LocalContainerEntityManagerFactoryBean : Closing JPA EntityManagerFactory for persistence unit 'default'
2026-05-16T20:55:46.428+05:30  INFO 24284 --- [projectBackend] [       Thread-5] com.zaxxer.hikari.HikariDataSource       : HikariPool-2 - Shutdown initiated...
2026-05-16T20:55:46.433+05:30  INFO 24284 --- [projectBackend] [       Thread-5] com.zaxxer.hikari.HikariDataSource       : HikariPool-2 - Shutdown completed.

  .   ____          _            __ _ _
 /\\ / ___'_ __ _ _(_)_ __  __ _ \ \ \ \
( ( )\___ | '_ | '_| | '_ \/ _` | \ \ \ \
 \\/  ___)| |_)| | | | | || (_| |  ) ) ) )
  '  |____| .__|_| |_|_| |_\__, | / / / /
 =========|_|==============|___/=/_/_/_/

 :: Spring Boot ::                (v4.0.5)

2026-05-16T20:55:46.533+05:30  INFO 24284 --- [projectBackend] [  restartedMain] c.e.p.ProjectBackendApplication          : Starting ProjectBackendApplication using Java 21 with PID 24284 (C:\Users\patha\OneDrive\Desktop\intership\Project15\projectBackend15\target\classes started by patha in C:\Users\patha\OneDrive\Desktop\intership\Project15\projectBackend15)
2026-05-16T20:55:46.533+05:30  INFO 24284 --- [projectBackend] [  restartedMain] c.e.p.ProjectBackendApplication          : No active profile set, falling back to 1 default profile: "default"
2026-05-16T20:55:46.779+05:30  INFO 24284 --- [projectBackend] [  restartedMain] .s.d.r.c.RepositoryConfigurationDelegate : Bootstrapping Spring Data JPA repositories in DEFAULT mode.
2026-05-16T20:55:46.831+05:30  INFO 24284 --- [projectBackend] [  restartedMain] .s.d.r.c.RepositoryConfigurationDelegate : Finished Spring Data repository scanning in 50 ms. Found 13 JPA repository interfaces.
2026-05-16T20:55:46.970+05:30  INFO 24284 --- [projectBackend] [  restartedMain] o.s.boot.tomcat.TomcatWebServer          : Tomcat initialized with port 8080 (http)
2026-05-16T20:55:46.971+05:30  INFO 24284 --- [projectBackend] [  restartedMain] o.apache.catalina.core.StandardService   : Starting service [Tomcat]
2026-05-16T20:55:46.971+05:30  INFO 24284 --- [projectBackend] [  restartedMain] o.apache.catalina.core.StandardEngine    : Starting Servlet engine: [Apache Tomcat/11.0.20]
2026-05-16T20:55:47.003+05:30  INFO 24284 --- [projectBackend] [  restartedMain] b.w.c.s.WebApplicationContextInitializer : Root WebApplicationContext: initialization completed in 466 ms
2026-05-16T20:55:47.067+05:30  INFO 24284 --- [projectBackend] [  restartedMain] org.hibernate.orm.jpa                    : HHH008540: Processing PersistenceUnitInfo [name: default]
2026-05-16T20:55:47.114+05:30  INFO 24284 --- [projectBackend] [  restartedMain] o.s.o.j.p.SpringPersistenceUnitInfo      : No LoadTimeWeaver setup: ignoring JPA class transformer
2026-05-16T20:55:47.116+05:30  INFO 24284 --- [projectBackend] [  restartedMain] com.zaxxer.hikari.HikariDataSource       : HikariPool-3 - Starting...
2026-05-16T20:55:47.135+05:30  INFO 24284 --- [projectBackend] [  restartedMain] com.zaxxer.hikari.pool.HikariPool        : HikariPool-3 - Added connection com.mysql.cj.jdbc.ConnectionImpl@22866ab9
2026-05-16T20:55:47.135+05:30  INFO 24284 --- [projectBackend] [  restartedMain] com.zaxxer.hikari.HikariDataSource       : HikariPool-3 - Start completed.
2026-05-16T20:55:47.138+05:30  WARN 24284 --- [projectBackend] [  restartedMain] org.hibernate.orm.deprecation            : HHH90000025: MySQLDialect does not need to be specified explicitly using 'hibernate.dialect' (remove the property setting and it will be selected by default)
2026-05-16T20:55:47.143+05:30  INFO 24284 --- [projectBackend] [  restartedMain] org.hibernate.orm.connections.pooling    : HHH10001005: Database info:
	Database JDBC URL [jdbc:mysql://localhost:3306/Backend_db]
	Database driver: MySQL Connector/J
	Database dialect: MySQLDialect
	Database version: 8.0.45
	Default catalog/schema: Backend_db/undefined
	Autocommit mode: undefined/unknown
	Isolation level: REPEATABLE_READ [default REPEATABLE_READ]
	JDBC fetch size: none
	Pool: DataSourceConnectionProvider
	Minimum pool size: undefined/unknown
	Maximum pool size: undefined/unknown
2026-05-16T20:55:47.362+05:30  INFO 24284 --- [projectBackend] [  restartedMain] org.hibernate.orm.core                   : HHH000182: No default (no-argument) constructor for class [com.example.projectBackend.Entity.Feedback] (class must be instantiated by Interceptor)
2026-05-16T20:55:47.407+05:30  INFO 24284 --- [projectBackend] [  restartedMain] org.hibernate.orm.core                   : HHH000489: No JTA platform available (set 'hibernate.transaction.jta.platform' to enable JTA platform integration)
2026-05-16T20:55:47.453+05:30  INFO 24284 --- [projectBackend] [  restartedMain] j.LocalContainerEntityManagerFactoryBean : Initialized JPA EntityManagerFactory for persistence unit 'default'
2026-05-16T20:55:47.822+05:30  WARN 24284 --- [projectBackend] [  restartedMain] JpaBaseConfiguration$JpaWebConfiguration : spring.jpa.open-in-view is enabled by default. Therefore, database queries may be performed during view rendering. Explicitly configure spring.jpa.open-in-view to disable this warning
2026-05-16T20:55:48.044+05:30  INFO 24284 --- [projectBackend] [  restartedMain] o.s.boot.tomcat.TomcatWebServer          : Tomcat started on port 8080 (http) with context path '/'
2026-05-16T20:55:48.046+05:30  INFO 24284 --- [projectBackend] [  restartedMain] c.e.p.ProjectBackendApplication          : Started ProjectBackendApplication in 1.545 seconds (process running for 58.291)
2026-05-16T20:55:48.049+05:30  INFO 24284 --- [projectBackend] [  restartedMain] .ConditionEvaluationDeltaLoggingListener : Condition evaluation unchanged
2026-05-16T20:57:12.395+05:30  INFO 24284 --- [projectBackend] [nio-8080-exec-1] o.a.c.c.C.[Tomcat].[localhost].[/]       : Initializing Spring DispatcherServlet 'dispatcherServlet'
2026-05-16T20:57:12.395+05:30  INFO 24284 --- [projectBackend] [nio-8080-exec-1] o.s.web.servlet.DispatcherServlet        : Initializing Servlet 'dispatcherServlet'
2026-05-16T20:57:12.397+05:30  INFO 24284 --- [projectBackend] [nio-8080-exec-1] o.s.web.servlet.DispatcherServlet        : Completed initialization in 1 ms
Hibernate: select c1_0.id,c1_0.imageurl,c1_0.name from categories c1_0
Hibernate: select p1_0.id,p1_0.available,p1_0.category_id,p1_0.created_at,p1_0.farmer_id,p1_0.price,p1_0.product_name,p1_0.stock from product p1_0
Hibernate: select c1_0.id,c1_0.imageurl,c1_0.name from categories c1_0 where c1_0.id=?
Hibernate: select f1_0.id,f1_0.address,f1_0.contact,f1_0.created_at,f1_0.email,f1_0.name,f1_0.password from farmer f1_0 where f1_0.id=?
Hibernate: select i1_0.product_id,i1_0.id,i1_0.image_url,i1_0.is_primary from product_image i1_0 where i1_0.product_id=?
Hibernate: select s1_0.product_id,s1_0.id,s1_0.name,s1_0.value from product_specification s1_0 where s1_0.product_id=?
Hibernate: select c1_0.id,c1_0.imageurl,c1_0.name from categories c1_0 where c1_0.id=?
Hibernate: select i1_0.product_id,i1_0.id,i1_0.image_url,i1_0.is_primary from product_image i1_0 where i1_0.product_id=?
Hibernate: select s1_0.product_id,s1_0.id,s1_0.name,s1_0.value from product_specification s1_0 where s1_0.product_id=?
Hibernate: select c1_0.id,c1_0.imageurl,c1_0.name from categories c1_0 where c1_0.id=?
Hibernate: select i1_0.product_id,i1_0.id,i1_0.image_url,i1_0.is_primary from product_image i1_0 where i1_0.product_id=?
Hibernate: select s1_0.product_id,s1_0.id,s1_0.name,s1_0.value from product_specification s1_0 where s1_0.product_id=?
Hibernate: select c1_0.id,c1_0.imageurl,c1_0.name from categories c1_0 where c1_0.id=?
Hibernate: select f1_0.id,f1_0.address,f1_0.contact,f1_0.created_at,f1_0.email,f1_0.name,f1_0.password from farmer f1_0 where f1_0.id=?
Hibernate: select i1_0.product_id,i1_0.id,i1_0.image_url,i1_0.is_primary from product_image i1_0 where i1_0.product_id=?
Hibernate: select s1_0.product_id,s1_0.id,s1_0.name,s1_0.value from product_specification s1_0 where s1_0.product_id=?
Hibernate: select c1_0.id,c1_0.imageurl,c1_0.name from categories c1_0 where c1_0.id=?
Hibernate: select i1_0.product_id,i1_0.id,i1_0.image_url,i1_0.is_primary from product_image i1_0 where i1_0.product_id=?
Hibernate: select s1_0.product_id,s1_0.id,s1_0.name,s1_0.value from product_specification s1_0 where s1_0.product_id=?
Hibernate: select i1_0.product_id,i1_0.id,i1_0.image_url,i1_0.is_primary from product_image i1_0 where i1_0.product_id=?
Hibernate: select s1_0.product_id,s1_0.id,s1_0.name,s1_0.value from product_specification s1_0 where s1_0.product_id=?
Hibernate: select i1_0.product_id,i1_0.id,i1_0.image_url,i1_0.is_primary from product_image i1_0 where i1_0.product_id=?
Hibernate: select s1_0.product_id,s1_0.id,s1_0.name,s1_0.value from product_specification s1_0 where s1_0.product_id=?
Hibernate: select distinct p1_0.id,p1_0.available,p1_0.category_id,p1_0.created_at,p1_0.farmer_id,p1_0.price,p1_0.product_name,p1_0.stock from product p1_0 left join categories c1_0 on c1_0.id=p1_0.category_id left join product_specification s1_0 on p1_0.id=s1_0.product_id where lower(p1_0.product_name) like lower(concat('%',?,'%')) escape '' or lower(c1_0.name) like lower(concat('%',?,'%')) escape '' or lower(s1_0.name) like lower(concat('%',?,'%')) escape '' or lower(s1_0.value) like lower(concat('%',?,'%')) escape ''
Hibernate: select distinct p1_0.id,p1_0.available,p1_0.category_id,p1_0.created_at,p1_0.farmer_id,p1_0.price,p1_0.product_name,p1_0.stock from product p1_0 left join categories c1_0 on c1_0.id=p1_0.category_id left join product_specification s1_0 on p1_0.id=s1_0.product_id where lower(p1_0.product_name) like lower(concat('%',?,'%')) escape '' or lower(c1_0.name) like lower(concat('%',?,'%')) escape '' or lower(s1_0.name) like lower(concat('%',?,'%')) escape '' or lower(s1_0.value) like lower(concat('%',?,'%')) escape ''
Hibernate: select c1_0.id,c1_0.imageurl,c1_0.name from categories c1_0 where c1_0.id=?
Hibernate: select f1_0.id,f1_0.address,f1_0.contact,f1_0.created_at,f1_0.email,f1_0.name,f1_0.password from farmer f1_0 where f1_0.id=?
Hibernate: select i1_0.product_id,i1_0.id,i1_0.image_url,i1_0.is_primary from product_image i1_0 where i1_0.product_id=?
Hibernate: select s1_0.product_id,s1_0.id,s1_0.name,s1_0.value from product_specification s1_0 where s1_0.product_id=?
Hibernate: select c1_0.id,c1_0.imageurl,c1_0.name from categories c1_0 where c1_0.id=?
Hibernate: select f1_0.id,f1_0.address,f1_0.contact,f1_0.created_at,f1_0.email,f1_0.name,f1_0.password from farmer f1_0 where f1_0.id=?
Hibernate: select i1_0.product_id,i1_0.id,i1_0.image_url,i1_0.is_primary from product_image i1_0 where i1_0.product_id=?
Hibernate: select s1_0.product_id,s1_0.id,s1_0.name,s1_0.value from product_specification s1_0 where s1_0.product_id=?
Hibernate: select c1_0.id,c1_0.imageurl,c1_0.name from categories c1_0 where c1_0.id=?
Hibernate: select i1_0.product_id,i1_0.id,i1_0.image_url,i1_0.is_primary from product_image i1_0 where i1_0.product_id=?
Hibernate: select s1_0.product_id,s1_0.id,s1_0.name,s1_0.value from product_specification s1_0 where s1_0.product_id=?
Hibernate: select c1_0.id,c1_0.imageurl,c1_0.name from categories c1_0 where c1_0.id=?
Hibernate: select i1_0.product_id,i1_0.id,i1_0.image_url,i1_0.is_primary from product_image i1_0 where i1_0.product_id=?
Hibernate: select s1_0.product_id,s1_0.id,s1_0.name,s1_0.value from product_specification s1_0 where s1_0.product_id=?
Hibernate: select distinct p1_0.id,p1_0.available,p1_0.category_id,p1_0.created_at,p1_0.farmer_id,p1_0.price,p1_0.product_name,p1_0.stock from product p1_0 left join categories c1_0 on c1_0.id=p1_0.category_id left join product_specification s1_0 on p1_0.id=s1_0.product_id where lower(p1_0.product_name) like lower(concat('%',?,'%')) escape '' or lower(c1_0.name) like lower(concat('%',?,'%')) escape '' or lower(s1_0.name) like lower(concat('%',?,'%')) escape '' or lower(s1_0.value) like lower(concat('%',?,'%')) escape ''
Hibernate: select c1_0.id,c1_0.imageurl,c1_0.name from categories c1_0 where c1_0.id=?
Hibernate: select f1_0.id,f1_0.address,f1_0.contact,f1_0.created_at,f1_0.email,f1_0.name,f1_0.password from farmer f1_0 where f1_0.id=?
Hibernate: select i1_0.product_id,i1_0.id,i1_0.image_url,i1_0.is_primary from product_image i1_0 where i1_0.product_id=?
Hibernate: select s1_0.product_id,s1_0.id,s1_0.name,s1_0.value from product_specification s1_0 where s1_0.product_id=?
Hibernate: select p1_0.id,p1_0.available,p1_0.category_id,p1_0.created_at,p1_0.farmer_id,p1_0.price,p1_0.product_name,p1_0.stock from product p1_0
Hibernate: select c1_0.id,c1_0.imageurl,c1_0.name from categories c1_0 where c1_0.id=?
Hibernate: select f1_0.id,f1_0.address,f1_0.contact,f1_0.created_at,f1_0.email,f1_0.name,f1_0.password from farmer f1_0 where f1_0.id=?
Hibernate: select i1_0.product_id,i1_0.id,i1_0.image_url,i1_0.is_primary from product_image i1_0 where i1_0.product_id=?
Hibernate: select s1_0.product_id,s1_0.id,s1_0.name,s1_0.value from product_specification s1_0 where s1_0.product_id=?
Hibernate: select c1_0.id,c1_0.imageurl,c1_0.name from categories c1_0 where c1_0.id=?
Hibernate: select i1_0.product_id,i1_0.id,i1_0.image_url,i1_0.is_primary from product_image i1_0 where i1_0.product_id=?
Hibernate: select s1_0.product_id,s1_0.id,s1_0.name,s1_0.value from product_specification s1_0 where s1_0.product_id=?
Hibernate: select c1_0.id,c1_0.imageurl,c1_0.name from categories c1_0 where c1_0.id=?
Hibernate: select i1_0.product_id,i1_0.id,i1_0.image_url,i1_0.is_primary from product_image i1_0 where i1_0.product_id=?
Hibernate: select s1_0.product_id,s1_0.id,s1_0.name,s1_0.value from product_specification s1_0 where s1_0.product_id=?
Hibernate: select c1_0.id,c1_0.imageurl,c1_0.name from categories c1_0 where c1_0.id=?
Hibernate: select f1_0.id,f1_0.address,f1_0.contact,f1_0.created_at,f1_0.email,f1_0.name,f1_0.password from farmer f1_0 where f1_0.id=?
Hibernate: select i1_0.product_id,i1_0.id,i1_0.image_url,i1_0.is_primary from product_image i1_0 where i1_0.product_id=?
Hibernate: select s1_0.product_id,s1_0.id,s1_0.name,s1_0.value from product_specification s1_0 where s1_0.product_id=?
Hibernate: select c1_0.id,c1_0.imageurl,c1_0.name from categories c1_0 where c1_0.id=?
Hibernate: select i1_0.product_id,i1_0.id,i1_0.image_url,i1_0.is_primary from product_image i1_0 where i1_0.product_id=?
Hibernate: select s1_0.product_id,s1_0.id,s1_0.name,s1_0.value from product_specification s1_0 where s1_0.product_id=?
Hibernate: select i1_0.product_id,i1_0.id,i1_0.image_url,i1_0.is_primary from product_image i1_0 where i1_0.product_id=?
Hibernate: select s1_0.product_id,s1_0.id,s1_0.name,s1_0.value from product_specification s1_0 where s1_0.product_id=?
Hibernate: select i1_0.product_id,i1_0.id,i1_0.image_url,i1_0.is_primary from product_image i1_0 where i1_0.product_id=?
Hibernate: select s1_0.product_id,s1_0.id,s1_0.name,s1_0.value from product_specification s1_0 where s1_0.product_id=?
2026-05-16T21:10:52.805+05:30  WARN 24284 --- [projectBackend] [l-3:housekeeper] com.zaxxer.hikari.pool.HikariPool        : HikariPool-3 - Thread starvation or clock leap detected (housekeeper delta=3m35s368ms145µs300ns).
